2024-12-12 02:30:43,970 - INFO - Sentiment Analysis Pipeline Started.
2024-12-12 02:32:54,450 - INFO - Sentiment Analysis Pipeline Started.
2024-12-12 02:34:29,201 - INFO - Sentiment Analysis Pipeline Started.
2024-12-12 02:34:29,211 - INFO - Loading dataset...
2024-12-12 02:35:08,385 - INFO - Sentiment Analysis Pipeline Started.
2024-12-12 02:35:08,395 - INFO - Loading dataset...
2024-12-12 02:35:56,002 - INFO - After dropping missing 'review_text', 146393 samples remain.
2024-12-12 02:35:56,029 - INFO - Preprocessing text data...
2024-12-12 02:36:28,385 - INFO - Downloading NLTK resource 'vader_lexicon'...
2024-12-12 02:36:28,418 - INFO - Downloading NLTK resource 'punkt'...
2024-12-12 02:36:28,726 - INFO - NLTK resource 'stopwords' already exists.
2024-12-12 02:36:28,726 - INFO - Downloading NLTK resource 'wordnet'...
2024-12-12 02:36:28,825 - INFO - Downloading NLTK resource 'vader_lexicon'...
2024-12-12 02:36:28,826 - INFO - Downloading NLTK resource 'punkt'...
2024-12-12 02:36:28,883 - INFO - NLTK resource 'stopwords' already exists.
2024-12-12 02:36:28,884 - INFO - Downloading NLTK resource 'wordnet'...
2024-12-12 02:36:28,905 - INFO - Sentiment Analysis Pipeline Started.
2024-12-12 02:36:28,920 - INFO - Loading dataset...
2024-12-12 02:37:20,015 - INFO - After dropping missing 'review_text', 146393 samples remain.
2024-12-12 02:37:20,036 - INFO - Preprocessing text data...
2024-12-12 02:39:37,203 - INFO - Downloading NLTK resource 'vader_lexicon'...
2024-12-12 02:39:37,236 - INFO - Downloading NLTK resource 'punkt_tab'...
2024-12-12 02:39:37,602 - INFO - NLTK resource 'stopwords' already exists.
2024-12-12 02:39:37,816 - INFO - Downloading NLTK resource 'wordnet'...
2024-12-12 02:39:38,680 - INFO - Downloading NLTK resource 'vader_lexicon'...
2024-12-12 02:39:38,680 - INFO - Downloading NLTK resource 'punkt_tab'...
2024-12-12 02:39:38,689 - INFO - NLTK resource 'stopwords' already exists.
2024-12-12 02:39:38,690 - INFO - Downloading NLTK resource 'wordnet'...
2024-12-12 02:39:38,690 - INFO - Sentiment Analysis Pipeline Started.
2024-12-12 02:39:38,699 - INFO - Loading dataset...
2024-12-12 02:40:22,167 - INFO - After dropping missing 'review_text', 146393 samples remain.
2024-12-12 02:40:22,187 - INFO - Preprocessing text data...
2024-12-12 02:41:14,403 - INFO - Text preprocessing completed.
2024-12-12 02:41:14,403 - INFO - Loading GloVe embeddings from cache: glove_cache.pkl
2024-12-12 02:41:16,180 - INFO - Successfully loaded 400000 word vectors from cache.
2024-12-12 02:41:16,180 - INFO - Creating document embeddings...
2024-12-12 02:41:26,460 - INFO - Document embeddings created with shape: (146393, 300)
2024-12-12 02:41:26,514 - INFO - Generating VADER sentiment scores...
2024-12-12 02:42:46,344 - INFO - VADER sentiment scores generated.
2024-12-12 02:42:46,345 - INFO - Integrating VADER scores with GloVe embeddings...
2024-12-12 02:42:46,525 - INFO - Final feature set shape before scaling: (146393, 304)
2024-12-12 02:42:46,525 - INFO - Applying StandardScaler to features...
2024-12-12 02:42:47,256 - INFO - Feature scaling applied.
2024-12-12 02:42:47,282 - INFO - Labels encoded.
2024-12-12 02:42:47,282 - INFO - Splitting dataset into training and testing sets...
2024-12-12 02:42:47,451 - INFO - Training set size: 117114
2024-12-12 02:42:47,451 - INFO - Testing set size: 29279
2024-12-12 02:42:47,451 - INFO - Applying SMOTE to balance classes...
2024-12-12 02:42:51,824 - INFO - After SMOTE: 216024 training samples
2024-12-12 02:42:52,332 - INFO - 
Processing LightGBM...
2024-12-12 02:42:52,332 - INFO - Training LightGBM...
2024-12-12 02:44:22,837 - INFO - LightGBM training completed.
2024-12-12 02:44:22,838 - INFO - Evaluating LightGBM...
2024-12-12 02:44:24,003 - INFO - 
LightGBM Classification Report:
2024-12-12 02:44:24,086 - INFO -               precision    recall  f1-score   support

    Negative       0.33      0.50      0.39      2275
    Positive       0.96      0.91      0.93     27004

    accuracy                           0.88     29279
   macro avg       0.64      0.71      0.66     29279
weighted avg       0.91      0.88      0.89     29279

2024-12-12 02:44:24,086 - INFO - Performing cross-validation for LightGBM...
2024-12-12 02:48:33,421 - INFO - Downloading NLTK resource 'vader_lexicon'...
2024-12-12 02:48:33,472 - INFO - Downloading NLTK resource 'punkt_tab'...
2024-12-12 02:48:33,506 - INFO - NLTK resource 'stopwords' already exists.
2024-12-12 02:48:33,509 - INFO - Downloading NLTK resource 'wordnet'...
2024-12-12 02:48:33,549 - INFO - Downloading NLTK resource 'vader_lexicon'...
2024-12-12 02:48:33,549 - INFO - Downloading NLTK resource 'punkt_tab'...
2024-12-12 02:48:33,550 - INFO - NLTK resource 'stopwords' already exists.
2024-12-12 02:48:33,550 - INFO - Downloading NLTK resource 'wordnet'...
2024-12-12 02:48:33,551 - INFO - Sentiment Analysis Pipeline Started.
2024-12-12 02:48:33,560 - INFO - Loading dataset...
2024-12-12 02:49:19,476 - INFO - After dropping missing 'review_text', 146393 samples remain.
2024-12-12 02:49:19,499 - INFO - Preprocessing text data...
2024-12-12 02:50:13,038 - INFO - Text preprocessing completed.
2024-12-12 02:50:13,038 - INFO - Loading GloVe embeddings from cache: glove_cache.pkl
2024-12-12 02:50:16,144 - INFO - Successfully loaded 400000 word vectors from cache.
2024-12-12 02:50:16,145 - INFO - Creating document embeddings...
2024-12-12 02:50:27,646 - INFO - Document embeddings created with shape: (146393, 300)
2024-12-12 02:50:27,648 - INFO - Generating VADER sentiment scores...
2024-12-12 02:51:45,466 - INFO - VADER sentiment scores generated.
2024-12-12 02:51:45,467 - INFO - Integrating VADER scores with GloVe embeddings...
2024-12-12 02:51:45,532 - INFO - Final feature set shape before scaling: (146393, 304)
2024-12-12 02:51:45,532 - INFO - Applying StandardScaler to features...
2024-12-12 02:51:46,316 - INFO - Feature scaling applied.
2024-12-12 02:51:46,331 - INFO - Labels encoded.
2024-12-12 02:51:46,331 - INFO - Splitting dataset into training and testing sets...
2024-12-12 02:51:46,482 - INFO - Training set size: 117114
2024-12-12 02:51:46,482 - INFO - Testing set size: 29279
2024-12-12 02:51:46,482 - INFO - Applying SMOTE to balance classes...
2024-12-12 02:57:52,333 - INFO - Downloading NLTK resource 'vader_lexicon'...
2024-12-12 02:57:52,393 - INFO - Downloading NLTK resource 'punkt_tab'...
2024-12-12 02:57:52,424 - INFO - NLTK resource 'stopwords' already exists.
2024-12-12 02:57:52,428 - INFO - Downloading NLTK resource 'wordnet'...
2024-12-12 02:57:52,481 - INFO - Downloading NLTK resource 'vader_lexicon'...
2024-12-12 02:57:52,482 - INFO - Downloading NLTK resource 'punkt_tab'...
2024-12-12 02:57:52,482 - INFO - NLTK resource 'stopwords' already exists.
2024-12-12 02:57:52,483 - INFO - Downloading NLTK resource 'wordnet'...
2024-12-12 02:57:52,483 - INFO - Sentiment Analysis Pipeline Started.
2024-12-12 02:57:52,492 - INFO - Loading dataset...
2024-12-12 02:58:37,816 - INFO - After dropping missing 'review_text', 146393 samples remain.
2024-12-12 02:58:37,837 - INFO - Preprocessing text data...
2024-12-12 02:59:31,752 - INFO - Text preprocessing completed.
2024-12-12 02:59:31,753 - INFO - Loading GloVe embeddings from cache: glove_cache.pkl
2024-12-12 02:59:34,865 - INFO - Successfully loaded 400000 word vectors from cache.
2024-12-12 02:59:34,865 - INFO - Creating document embeddings...
2024-12-12 02:59:45,972 - INFO - Document embeddings created with shape: (146393, 300)
2024-12-12 02:59:45,978 - INFO - Generating VADER sentiment scores...
2024-12-12 03:00:59,978 - INFO - VADER sentiment scores generated.
2024-12-12 03:00:59,980 - INFO - Integrating VADER scores with GloVe embeddings...
2024-12-12 03:01:00,272 - INFO - Final feature set shape before scaling: (146393, 304)
2024-12-12 03:01:00,272 - INFO - Applying StandardScaler to features...
2024-12-12 03:01:01,067 - INFO - Feature scaling applied.
2024-12-12 03:01:01,093 - INFO - Labels encoded.
2024-12-12 03:01:01,093 - INFO - Splitting dataset into training and testing sets...
2024-12-12 03:01:01,312 - INFO - Training set size: 117114
2024-12-12 03:01:01,313 - INFO - Testing set size: 29279
2024-12-12 03:01:01,313 - INFO - Applying SMOTE to balance classes...
